22-08-23 16:12:29 cleandoc INFO --------------------------- Mypy Output ----------------------------
src/codenav/file_system_node.py:69: error: "list[Any]" has no attribute "print_nested"  [attr-defined]
src/codenav/file_system_node.py:82: error: Incompatible default for argument "parent" (default has type "None", argument has type "FileSystemNode")  [assignment]
src/codenav/file_system_node.py:82: note: PEP 484 prohibits implicit Optional. Accordingly, mypy has changed its default to no_implicit_optional=True
src/codenav/file_system_node.py:82: note: Use https://github.com/hauntsaninja/no_implicit_optional to automatically upgrade your codebase
src/codenav/file_system_node.py:84: error: Incompatible default for argument "ext" (default has type "None", argument has type "list[str]")  [assignment]
src/codenav/file_system_node.py:84: note: PEP 484 prohibits implicit Optional. Accordingly, mypy has changed its default to no_implicit_optional=True
src/codenav/file_system_node.py:84: note: Use https://github.com/hauntsaninja/no_implicit_optional to automatically upgrade your codebase
src/codenav/file_system_node.py:85: error: Incompatible default for argument "skip" (default has type "None", argument has type "list[str]")  [assignment]
src/codenav/file_system_node.py:85: note: PEP 484 prohibits implicit Optional. Accordingly, mypy has changed its default to no_implicit_optional=True
src/codenav/file_system_node.py:85: note: Use https://github.com/hauntsaninja/no_implicit_optional to automatically upgrade your codebase
src/codenav/file_system_node.py:98: error: Argument 3 to "FileSystemNode" has incompatible type "None"; expected "FileSystemNode"  [arg-type]
src/codenav/dash_sweet_components.py:138: error: Incompatible default for argument "splits" (default has type "None", argument has type "list[int]")  [assignment]
src/codenav/dash_sweet_components.py:138: note: PEP 484 prohibits implicit Optional. Accordingly, mypy has changed its default to no_implicit_optional=True
src/codenav/dash_sweet_components.py:138: note: Use https://github.com/hauntsaninja/no_implicit_optional to automatically upgrade your codebase
src/codenav/dash_sweet_components.py:152: error: Incompatible default for argument "splits" (default has type "None", argument has type "list[int]")  [assignment]
src/codenav/dash_sweet_components.py:152: note: PEP 484 prohibits implicit Optional. Accordingly, mypy has changed its default to no_implicit_optional=True
src/codenav/dash_sweet_components.py:152: note: Use https://github.com/hauntsaninja/no_implicit_optional to automatically upgrade your codebase
src/codenav/dash_sweet_components.py:217: error: Incompatible default for argument "style" (default has type "None", argument has type "dict[Any, Any]")  [assignment]
src/codenav/dash_sweet_components.py:217: note: PEP 484 prohibits implicit Optional. Accordingly, mypy has changed its default to no_implicit_optional=True
src/codenav/dash_sweet_components.py:217: note: Use https://github.com/hauntsaninja/no_implicit_optional to automatically upgrade your codebase
src/codenav/dash_sweet_components.py:376: error: Incompatible default for argument "style" (default has type "None", argument has type "dict[Any, Any]")  [assignment]
src/codenav/dash_sweet_components.py:376: note: PEP 484 prohibits implicit Optional. Accordingly, mypy has changed its default to no_implicit_optional=True
src/codenav/dash_sweet_components.py:376: note: Use https://github.com/hauntsaninja/no_implicit_optional to automatically upgrade your codebase
src/codenav/dash_sweet_components.py:459: error: Incompatible default for argument "style" (default has type "None", argument has type "dict[Any, Any]")  [assignment]
src/codenav/dash_sweet_components.py:459: note: PEP 484 prohibits implicit Optional. Accordingly, mypy has changed its default to no_implicit_optional=True
src/codenav/dash_sweet_components.py:459: note: Use https://github.com/hauntsaninja/no_implicit_optional to automatically upgrade your codebase
src/codenav/shell_server.py:35: error: Incompatible default for argument "hostname" (default has type "None", argument has type "str")  [assignment]
src/codenav/shell_server.py:35: note: PEP 484 prohibits implicit Optional. Accordingly, mypy has changed its default to no_implicit_optional=True
src/codenav/shell_server.py:35: note: Use https://github.com/hauntsaninja/no_implicit_optional to automatically upgrade your codebase
src/codenav/shell_server.py:35: error: Incompatible default for argument "key" (default has type "bytes", argument has type "str")  [assignment]
src/codenav/shell_server.py:41: error: Argument "authkey" to "QueueManager" has incompatible type "str"; expected "Optional[bytes]"  [arg-type]
src/codenav/shell_server.py:42: error: Need type annotation for "queue"  [var-annotated]
src/codenav/shell_server.py:44: error: Need type annotation for "queue_done"  [var-annotated]
src/codenav/shell_server.py:52: error: Incompatible default for argument "hostname" (default has type "None", argument has type "str")  [assignment]
src/codenav/shell_server.py:52: note: PEP 484 prohibits implicit Optional. Accordingly, mypy has changed its default to no_implicit_optional=True
src/codenav/shell_server.py:52: note: Use https://github.com/hauntsaninja/no_implicit_optional to automatically upgrade your codebase
src/codenav/shell_server.py:52: error: Incompatible default for argument "key" (default has type "bytes", argument has type "str")  [assignment]
src/codenav/shell_server.py:60: error: Argument "authkey" to "QueueManager" has incompatible type "str"; expected "Optional[bytes]"  [arg-type]
src/codenav/shell_server.py:68: error: Incompatible default for argument "key" (default has type "bytes", argument has type "str")  [assignment]
src/codenav/shell_server.py:79: error: Incompatible types in assignment (expression has type "ConnectionRefusedError", variable has type "str")  [assignment]
src/codenav/shell_server.py:101: error: Incompatible default for argument "hostname" (default has type "None", argument has type "str")  [assignment]
src/codenav/shell_server.py:101: note: PEP 484 prohibits implicit Optional. Accordingly, mypy has changed its default to no_implicit_optional=True
src/codenav/shell_server.py:101: note: Use https://github.com/hauntsaninja/no_implicit_optional to automatically upgrade your codebase
src/codenav/shell_server.py:103: error: Incompatible default for argument "key" (default has type "bytes", argument has type "str")  [assignment]
src/codenav/shell_server.py:104: error: Incompatible default for argument "stop" (default has type "None", argument has type "str")  [assignment]
src/codenav/shell_server.py:104: note: PEP 484 prohibits implicit Optional. Accordingly, mypy has changed its default to no_implicit_optional=True
src/codenav/shell_server.py:104: note: Use https://github.com/hauntsaninja/no_implicit_optional to automatically upgrade your codebase
src/codenav/shell_server.py:154: error: Item "None" of "Optional[IO[str]]" has no attribute "readline"  [union-attr]
src/codenav/shell_server.py:157: error: Item "None" of "Optional[IO[str]]" has no attribute "close"  [union-attr]
src/codenav/shell_server.py:173: error: Argument "key" to "test_connect" has incompatible type "bytes"; expected "str"  [arg-type]
src/codenav/shell_server.py:209: error: Incompatible types in assignment (expression has type "float", variable has type "int")  [assignment]
src/codenav/dash_trees.py:20: error: Incompatible default for argument "parent_icon" (default has type "None", argument has type "str")  [assignment]
src/codenav/dash_trees.py:20: note: PEP 484 prohibits implicit Optional. Accordingly, mypy has changed its default to no_implicit_optional=True
src/codenav/dash_trees.py:20: note: Use https://github.com/hauntsaninja/no_implicit_optional to automatically upgrade your codebase
src/codenav/dash_trees.py:20: error: Incompatible default for argument "child_icon" (default has type "None", argument has type "str")  [assignment]
src/codenav/dash_callbacks.py:160: error: Argument 1 to "run_capture_out" has incompatible type "str"; expected "list[str]"  [arg-type]
src/codenav/dash_callbacks.py:288: error: Argument 3 to "_storetabs_append" has incompatible type "None"; expected "str"  [arg-type]
src/codenav/dash_callbacks.py:314: error: Argument 2 to "_storetabs_append" has incompatible type "None"; expected "str"  [arg-type]
src/codenav/dash_callbacks.py:401: error: Argument 2 to "_puts" has incompatible type "dict[str, Any]"; expected "Union[list[str], str]"  [arg-type]
src/codenav/dash_callbacks.py:402: error: Argument 2 to "_puts" has incompatible type "dict[str, Any]"; expected "Union[list[str], str]"  [arg-type]
src/codenav/dash_callbacks.py:439: error: Incompatible types in assignment (expression has type "None", variable has type "str")  [assignment]
src/codenav/dash_callbacks.py:718: error: Argument 2 to "_puts" has incompatible type "dict[str, Any]"; expected "Union[list[str], str]"  [arg-type]
src/codenav/dash_callbacks.py:719: error: List item 1 has incompatible type "dict[str, Any]"; expected "str"  [list-item]
src/codenav/dash_callbacks.py:740: error: Argument 3 to "_storetabs_append" has incompatible type "None"; expected "str"  [arg-type]
src/codenav/dash_callbacks.py:746: error: Argument 2 to "_puts" has incompatible type "dict[str, Any]"; expected "Union[list[str], str]"  [arg-type]
src/codenav/dash_callbacks.py:747: error: List item 1 has incompatible type "dict[str, Any]"; expected "str"  [list-item]
src/codenav/dash_callbacks.py:767: error: Argument 2 to "_storetabs_append" has incompatible type "None"; expected "str"  [arg-type]
src/codenav/app.py:13: error: Library stubs not installed for "waitress"  [import]
src/codenav/app.py:13: note: Hint: "python3 -m pip install types-waitress"
src/codenav/app.py:13: note: (or run "mypy --install-types" to install all missing stub packages)
src/codenav/app.py:13: note: See https://mypy.readthedocs.io/en/stable/running_mypy.html#missing-imports
src/codenav/app.py:228: error: Name "PORT" is not defined  [name-defined]
src/codenav/app.py:231: error: Name "HOST" is not defined  [name-defined]
src/codenav/app.py:233: error: Name "HOST" is not defined  [name-defined]
src/codenav/app.py:236: error: Name "PORT" is not defined  [name-defined]
src/codenav/app.py:238: error: Name "HOST" is not defined  [name-defined]
src/codenav/app.py:238: error: Name "PORT" is not defined  [name-defined]
src/codenav/app.py:239: error: Name "HOST" is not defined  [name-defined]
src/codenav/app.py:239: error: Name "PORT" is not defined  [name-defined]
src/codenav/app.py:242: error: Name "HOST" is not defined  [name-defined]
src/codenav/app.py:242: error: Name "PORT" is not defined  [name-defined]
src/codenav/app.py:243: error: Name "HOST" is not defined  [name-defined]
src/codenav/app.py:243: error: Name "PORT" is not defined  [name-defined]
Found 54 errors in 6 files (checked 1 source file)


